['https://www.idealista.com/venta-viviendas/galapagar-madrid/con-precio-hasta_300000,chalets,casas-de-pueblo/', 'https://www.idealista.com/venta-viviendas/moralzarzal-madrid/con-precio-hasta_300000,chalets,casas-de-pueblo/', 'https://www.idealista.com/venta-viviendas/madrid/zona-noroeste/alpedrete/con-precio-hasta_300000,chalets,casas-de-pueblo/', 'https://www.idealista.com/venta-viviendas/collado-mediano-madrid/con-precio-hasta_300000,chalets,casas-de-pueblo/', 'https://www.idealista.com/venta-viviendas/madrid/zona-noroeste/area-de-mataelpinocerceda/con-precio-hasta_300000,chalets,casas-de-pueblo/', 'https://www.idealista.com/venta-viviendas/madrid/zona-noroeste/area-de-colmenarejo/con-precio-hasta_300000,chalets,casas-de-pueblo/']
obtaining data from https://www.fotocasa.es/es/comprar/casas/galapagar/todas-las-zonas/l?latitude=40.5796&longitude=-4.00262&maxPrice=300000&propertySubtypeIds=3;5;7;9&combinedLocationIds=724,14,28,172,218,28061,0,0,0&gridType=3
Dúplex en Galapagar - Casa Amarilla..125..3--165.000
Casa en Aguamarina..120..4--230.000
Casa en Galapagar - Casa Amarilla..160..6--255.000
Casa adosada en Sicilia..332..3--299.900
Dúplex en Galapagar - Deportivo Galapagar - Los Almendros....3--230.000
Dúplex en Monasterio..71..2--125.000
Dúplex en Galapagar..90..3--169.000
Finca rústica en Galapagar - Casa Amarilla..111..4--179.000
Dúplex en Galapagar..90..3--169.000
Dúplex en Galapagar - Deportivo Galapagar - Los Almendros..125..3--166.000
Dúplex en Galapagar - Casa Amarilla..125..3--165.000
Dúplex en Galapagar - Casco Antiguo..135..3--159.000
Dúplex en La Pedriza, 1..167..4--173.300
Casa adosada en Galapagar - Parquelagos - Puente Nuevo..229..4--300.000
Casa en Calle Laurel..226..2--250.000
Dúplex en Galapagar - Casco Antiguo..90..2--131.260
Casa en Aguamarina..120..4--230.000
Casa adosada en Galapagar..262..4--268.000
Casa adosada en Galapagar - El Guijo - Colonia España....145 m²--245.000
Casa adosada en Sicilia..332..3--299.900
Casa en Galapagar - Casa Amarilla..160..6--255.000
Dúplex en Galapagar - Casco Antiguo..90..2--140.000
Dúplex en Soberania..84..2--150.000
Casa en Galapagar - El Praderón..110..3--220.000
Dúplex en Galapagar - El Guijo - Colonia España..90..2--195.000
Casa en Galapagar - El Praderón..140..3--291.200
Casa en Galapagar - Puerto de Galapagar..150..3--299.000
Casa adosada en Toledo..160..4--272.400
Dúplex en Soberania, 46..116..2--135.000
Casa en Centro Urbano..226..2--255.000
Dúplex en Galapagar - Casa Amarilla..90..2--131.260
Casa en Galapagar, Zona de - Galapagar..130..5--196.000
Dúplex en Peña de las Brujas..92..1 hab.--236.095
Casa en El Guijo/colonia España..150..3--227.000
Dúplex en Galapagar - Casa Amarilla..240..5--275.000
Casa en Calle Arenisca, 9..140..5--270.000
Casa en Urbanización las Cuestas..190..3--257.500
Dúplex en Prado Mingo..85..2--156.000
obtained 1 entries
moving to next page in search
obtaining data from https://www.fotocasa.es/es/comprar/casas/galapagar/todas-las-zonas/l/2?latitude=40.5796&longitude=-4.00262&maxPrice=300000&propertySubtypeIds=3;5;7;9&combinedLocationIds=724,14,28,172,218,28061,0,0,0&gridType=3
Casa adosada en Piamonte..205..4--300.000
Casa en De las Brisas, 23..152..4--268.000
Dúplex en Pradomingo, 20..90..2--139.900
Dúplex en Veracuz..112..2--219.000
Dúplex en Soberania..78..2--69.000
Dúplex en Galapagar - Deportivo Galapagar - Los Almendros....3--230.000
Dúplex en Estafeta..97..2--150.000
Dúplex en Centro..100..3--134.700
Finca rústica en Galapagar - Casa Amarilla..111..4--179.000
Dúplex en Galapagar - Casco Antiguo..97..3--178.228
Dúplex en Galapagar - Casco Antiguo..83..2--127.260
Casa adosada en Galapagar - El Guijo - Colonia España..134..3--272.000
Dúplex en Galapagar - Casco Antiguo..90..3--151.651
Casa adosada en Guadarrama, 11..265..4--290.000
Dúplex en Peña de las Brujas..92..1 hab.--230.000
Dúplex en Casa Amarilla..125..3--165.000
Casa adosada en Enfriadero..170..4--259.000
Casa en Galapagar..271..4--295.000
Dúplex en Alamo..100..3--176.000
Dúplex en Alamo..100..3--176.000
Dúplex en Comercio..82..2--148.000
Dúplex en Soberania..120..4--185.000
Casa adosada en Galapagar ,centro..218..4--225.406
Casa en Galapagar - Casa Amarilla..250..5--299.500
Dúplex en Soberanía..87..3--159.000
Casa en Calle de la Paloma, 1....3--130.000
Dúplex en Monasterio..71..2--125.000
Dúplex en Centro Urbano..136..3--166.000
Casa en La Balconada..226..3--285.000
Dúplex en Galapagar..107..3--159.000
obtained 1 entries
moving to next page in search
obtaining data from https://www.fotocasa.es/es/comprar/casas/galapagar/todas-las-zonas/l/3?latitude=40.5796&longitude=-4.00262&maxPrice=300000&propertySubtypeIds=3;5;7;9&combinedLocationIds=724,14,28,172,218,28061,0,0,0&gridType=3
Dúplex en Comercio, 12..143..3--155.513
Casa adosada en Galapagar - El Guijo - Colonia España..140..5--240.000
Casa en Colmenarejo, Zona de - Colmenarejo..160..4--272.400
Casa en Los Jarales-torrelodones..130..4--300.000
Casa en Galapagar - La Navata..250..4--275.000
Casa adosada en Galapagar - El Guijo - Urb. El Guijo..210..4--270.000
Dúplex en Galapagar - Casco Antiguo..110..3--159.000
Dúplex en Soberanía, 46..134..3--147.150
Casa en Mayor..290..5--299.000
Casa en Calle de la Bola del Mundo, 79..193..5--300.000
Casa adosada en Galapagar - Parquelagos - Puente Nuevo..250..4--300.000
Casa en Galapagar - El Praderón..200..3--118.000
Dúplex en Melonares..95..3--139.000
Dúplex en Galapagar - Casa Amarilla..125..3--167.000
Dúplex en Pradomingo, 12..91..3--159.000
Casa en Galapagar..140..4--239.900
Dúplex en Estafeta..76..2--149.000
Dúplex en Calvario..100..3--163.000
Dúplex en Calle Melonares, 1..240..5--275.000
Dúplex en Pradomingo..99..4--144.000
Casa en Galapagar - Casa Amarilla..120..4--290.000
Casa en Galapagar - La Navata..140..2--280.000
Dúplex en Galapagar - Casa Amarilla..105..3--160.000
Dúplex en Galapagar - Casa Amarilla..100..3--186.000
Casa en Galapagar..250..4--275.730
Casa en Galapagar..229..4--276.000
Dúplex en Guadarrama, 60..64..2--124.000
Casa en Galapagar - El Guijo - Colonia España..180..5--196.000
Casa en Galapagar -Ctra. De Villalba..120..4--290.000
Dúplex en Prado Mingo..61..4--144.000
obtained 1 entries
moving to next page in search
obtaining data from https://www.fotocasa.es/es/comprar/casas/galapagar/todas-las-zonas/l/4?latitude=40.5796&longitude=-4.00262&maxPrice=300000&propertySubtypeIds=3;5;7;9&combinedLocationIds=724,14,28,172,218,28061,0,0,0&gridType=3
Casa adosada en Galapagar - Casa Amarilla..133..3--230.000
Casa en Galapagar - La Navata....6--270.000
Dúplex en Egidillo, 7..116..3--230.000
Casa adosada en Galapagar - La Navata..320..4--265.000
Casa en Galapagar - Casa Amarilla..130..4--245.000
Casa en El Guijo - Colonia España..160..5--299.000
Dúplex en Pradomingo..100..4--156.000
Casa en Galapagar..144..5--260.000
Casa en Galapagar - Casa Amarilla..210..4--300.000
Dúplex en C/ Egidillo 7 + Sin Comisiones + Hasta Un 100 Financiación + Se Aceptan Ofertas +..181..3--230.000
Dúplex en Carretera Torrelodones, 3..100..3--160.000
Dúplex en Casa Amarilla..125..3--160.000
Dúplex en Carretera Torrelodones, 3..130..3--177.000
Dúplex en Casa Amarilla..90..2--150.000
Dúplex en Estafeta..125..3--165.000
Casa en El Guijo - Colonia España..150..4--245.000
Casa adosada en Calle Brillante, 27..210..3--270.000
Dúplex en Puente de Cazorla..133..3--160.000
Casa adosada en Calle Yucas, 27..132..4--220.000
Dúplex en Casa Amarilla..120..3--139.500
Dúplex en Carretera Torrelodones, 3..85..2--155.000
Dúplex en Estafeta, 6..105..3--186.000
obtained 1 entries
obtaining data from https://www.idealista.com/venta-viviendas/galapagar-madrid/con-precio-hasta_300000,chalets,casas-de-pueblo/
obtained 30 entries
obtaining data from https://www.idealista.com/venta-viviendas/galapagar-madrid/con-precio-hasta_300000,chalets,casas-de-pueblo/pagina-2.htm
obtained 60 entries
obtaining data from https://www.idealista.com/venta-viviendas/galapagar-madrid/con-precio-hasta_300000,chalets,casas-de-pueblo/pagina-3.htm
obtained 65 entries
obtaining data from https://www.idealista.com/venta-viviendas/moralzarzal-madrid/con-precio-hasta_300000,chalets,casas-de-pueblo/
obtained 30 entries
obtaining data from https://www.idealista.com/venta-viviendas/moralzarzal-madrid/con-precio-hasta_300000,chalets,casas-de-pueblo/pagina-2.htm
obtained 45 entries
obtaining data from https://www.idealista.com/venta-viviendas/madrid/zona-noroeste/alpedrete/con-precio-hasta_300000,chalets,casas-de-pueblo/
obtained 30 entries
obtaining data from https://www.idealista.com/venta-viviendas/madrid/zona-noroeste/alpedrete/con-precio-hasta_300000,chalets,casas-de-pueblo/pagina-2.htm
obtained 36 entries
obtaining data from https://www.idealista.com/venta-viviendas/collado-mediano-madrid/con-precio-hasta_300000,chalets,casas-de-pueblo/
obtained 30 entries
obtaining data from https://www.idealista.com/venta-viviendas/collado-mediano-madrid/con-precio-hasta_300000,chalets,casas-de-pueblo/pagina-2.htm
obtained 59 entries
obtaining data from https://www.idealista.com/venta-viviendas/madrid/zona-noroeste/area-de-mataelpinocerceda/con-precio-hasta_300000,chalets,casas-de-pueblo/
obtained 30 entries
obtaining data from https://www.idealista.com/venta-viviendas/madrid/zona-noroeste/area-de-mataelpinocerceda/con-precio-hasta_300000,chalets,casas-de-pueblo/pagina-2.htm
obtained 46 entries
obtaining data from https://www.idealista.com/venta-viviendas/madrid/zona-noroeste/area-de-colmenarejo/con-precio-hasta_300000,chalets,casas-de-pueblo/
obtained 17 entries
------- saving data from url https://www.idealista.com/venta-viviendas/collado-mediano-madrid/con-precio-hasta_300000,chalets,casas-de-pueblo/
saving fe9892c0d7c57f70f662cb945a03b9e4af16e909---189---3---290.000
saving fe9892c0d7c57f70f662cb945a03b9e4af16e909---Chalet pareado en camino de Navacerrada, 38, Collado Mediano---276---4---262.000
saving fe9892c0d7c57f70f662cb945a03b9e4af16e909---Casa o chalet independiente en Collado Mediano---200---6---269.000
saving fe9892c0d7c57f70f662cb945a03b9e4af16e909---254---4---289.000
saving fe9892c0d7c57f70f662cb945a03b9e4af16e909---------
saving fe9892c0d7c57f70f662cb945a03b9e4af16e909---------
saving fe9892c0d7c57f70f662cb945a03b9e4af16e909---------
saving fe9892c0d7c57f70f662cb945a03b9e4af16e909---------
saving fe9892c0d7c57f70f662cb945a03b9e4af16e909---------
saving fe9892c0d7c57f70f662cb945a03b9e4af16e909---------
saving fe9892c0d7c57f70f662cb945a03b9e4af16e909---------
saving fe9892c0d7c57f70f662cb945a03b9e4af16e909---------
saving fe9892c0d7c57f70f662cb945a03b9e4af16e909---------
saving fe9892c0d7c57f70f662cb945a03b9e4af16e909---------
saving fe9892c0d7c57f70f662cb945a03b9e4af16e909---------
saving fe9892c0d7c57f70f662cb945a03b9e4af16e909---------
saving fe9892c0d7c57f70f662cb945a03b9e4af16e909---------
saving fe9892c0d7c57f70f662cb945a03b9e4af16e909---------
saving fe9892c0d7c57f70f662cb945a03b9e4af16e909---------
saving fe9892c0d7c57f70f662cb945a03b9e4af16e909---------
saving fe9892c0d7c57f70f662cb945a03b9e4af16e909---------
saving fe9892c0d7c57f70f662cb945a03b9e4af16e909---------
saving fe9892c0d7c57f70f662cb945a03b9e4af16e909---------
saving fe9892c0d7c57f70f662cb945a03b9e4af16e909---------
saving fe9892c0d7c57f70f662cb945a03b9e4af16e909---------
saving fe9892c0d7c57f70f662cb945a03b9e4af16e909---------
saving fe9892c0d7c57f70f662cb945a03b9e4af16e909---Chalet adosado en calle de la Jara, 16, Collado Mediano---200---3---247.000
saving fe9892c0d7c57f70f662cb945a03b9e4af16e909---178---4---299.000
saving fe9892c0d7c57f70f662cb945a03b9e4af16e909---Chalet pareado en calle de los Olivos, 6, Collado Mediano---226---6---220.000
saving fe9892c0d7c57f70f662cb945a03b9e4af16e909---Chalet pareado en calle de Murillo, 8, Collado Mediano---200---4---290.000
saving fe9892c0d7c57f70f662cb945a03b9e4af16e909---------
saving fe9892c0d7c57f70f662cb945a03b9e4af16e909---------
saving fe9892c0d7c57f70f662cb945a03b9e4af16e909---------
saving fe9892c0d7c57f70f662cb945a03b9e4af16e909---------
saving fe9892c0d7c57f70f662cb945a03b9e4af16e909---------
saving fe9892c0d7c57f70f662cb945a03b9e4af16e909---------
saving fe9892c0d7c57f70f662cb945a03b9e4af16e909---------
saving fe9892c0d7c57f70f662cb945a03b9e4af16e909---------
saving fe9892c0d7c57f70f662cb945a03b9e4af16e909---------
saving fe9892c0d7c57f70f662cb945a03b9e4af16e909---------
saving fe9892c0d7c57f70f662cb945a03b9e4af16e909---------
saving fe9892c0d7c57f70f662cb945a03b9e4af16e909---------
saving fe9892c0d7c57f70f662cb945a03b9e4af16e909---------
saving fe9892c0d7c57f70f662cb945a03b9e4af16e909---------
saving fe9892c0d7c57f70f662cb945a03b9e4af16e909---------
saving fe9892c0d7c57f70f662cb945a03b9e4af16e909---------
saving fe9892c0d7c57f70f662cb945a03b9e4af16e909---------
saving fe9892c0d7c57f70f662cb945a03b9e4af16e909---------
saving fe9892c0d7c57f70f662cb945a03b9e4af16e909---------
saving fe9892c0d7c57f70f662cb945a03b9e4af16e909---------
saving fe9892c0d7c57f70f662cb945a03b9e4af16e909---------
saving fe9892c0d7c57f70f662cb945a03b9e4af16e909---------
saving fe9892c0d7c57f70f662cb945a03b9e4af16e909---------
saving fe9892c0d7c57f70f662cb945a03b9e4af16e909---------
saving fe9892c0d7c57f70f662cb945a03b9e4af16e909---------
saving fe9892c0d7c57f70f662cb945a03b9e4af16e909---Chalet pareado en Collado Mediano---190---4---218.000
saving fe9892c0d7c57f70f662cb945a03b9e4af16e909---Chalet adosado en calle de la Jara, 3, Collado Mediano---180---3---265.000
saving fe9892c0d7c57f70f662cb945a03b9e4af16e909---Chalet pareado en calle de Natalia, 5, Collado Mediano---280---4---260.000
saving fe9892c0d7c57f70f662cb945a03b9e4af16e909---Chalet pareado en avenida del Pinar, 95, Collado Mediano---185---4---270.000
------- saving data from url https://www.idealista.com/venta-viviendas/moralzarzal-madrid/con-precio-hasta_300000,chalets,casas-de-pueblo/
saving 1948cff1cf2bc11b7169867669ef5cf34b01f10c---154---3---290.000
saving 1948cff1cf2bc11b7169867669ef5cf34b01f10c---Chalet adosado en calle Pradillos, s/n, Zona Iglesia - Estación, Moralzarzal------3---251.750
saving 1948cff1cf2bc11b7169867669ef5cf34b01f10c---------
saving 1948cff1cf2bc11b7169867669ef5cf34b01f10c---------
saving 1948cff1cf2bc11b7169867669ef5cf34b01f10c---------
saving 1948cff1cf2bc11b7169867669ef5cf34b01f10c---------
saving 1948cff1cf2bc11b7169867669ef5cf34b01f10c---------
saving 1948cff1cf2bc11b7169867669ef5cf34b01f10c---------
saving 1948cff1cf2bc11b7169867669ef5cf34b01f10c---------
saving 1948cff1cf2bc11b7169867669ef5cf34b01f10c---------
saving 1948cff1cf2bc11b7169867669ef5cf34b01f10c---------
saving 1948cff1cf2bc11b7169867669ef5cf34b01f10c---------
saving 1948cff1cf2bc11b7169867669ef5cf34b01f10c---------
saving 1948cff1cf2bc11b7169867669ef5cf34b01f10c---------
saving 1948cff1cf2bc11b7169867669ef5cf34b01f10c---------
saving 1948cff1cf2bc11b7169867669ef5cf34b01f10c---------
saving 1948cff1cf2bc11b7169867669ef5cf34b01f10c---------
saving 1948cff1cf2bc11b7169867669ef5cf34b01f10c---------
saving 1948cff1cf2bc11b7169867669ef5cf34b01f10c---------
saving 1948cff1cf2bc11b7169867669ef5cf34b01f10c---------
saving 1948cff1cf2bc11b7169867669ef5cf34b01f10c---------
saving 1948cff1cf2bc11b7169867669ef5cf34b01f10c---------
saving 1948cff1cf2bc11b7169867669ef5cf34b01f10c---------
saving 1948cff1cf2bc11b7169867669ef5cf34b01f10c---------
saving 1948cff1cf2bc11b7169867669ef5cf34b01f10c---------
saving 1948cff1cf2bc11b7169867669ef5cf34b01f10c---------
saving 1948cff1cf2bc11b7169867669ef5cf34b01f10c---Chalet adosado en calle Manzanares el Real, 19, Zona Polideportivo Colonia, Moralzarzal---310---7---275.000
saving 1948cff1cf2bc11b7169867669ef5cf34b01f10c---220---4---270.000
saving 1948cff1cf2bc11b7169867669ef5cf34b01f10c---Chalet adosado en Zona Polideportivo Colonia, Moralzarzal---310---7---275.000
saving 1948cff1cf2bc11b7169867669ef5cf34b01f10c---Chalet adosado en calle Romeral, 14, Zona Polideportivo Colonia, Moralzarzal---250---4---270.000
saving 1948cff1cf2bc11b7169867669ef5cf34b01f10c---Chalet adosado en calle manzanares el real, Zona Polideportivo Colonia, Moralzarzal---310---7---275.000
saving 1948cff1cf2bc11b7169867669ef5cf34b01f10c---Casa o chalet independiente en camino de Capellanía, s/n, Zona Polideportivo Colonia, Moralzarzal---50---3---55.000
saving 1948cff1cf2bc11b7169867669ef5cf34b01f10c---Casa o chalet independiente en paseo de los enebros, 22, Zona los Lagos, Moralzarzal---166---3---200.000
saving 1948cff1cf2bc11b7169867669ef5cf34b01f10c---Chalet adosado en Zona Centro, Moralzarzal---165---4---270.000
saving 1948cff1cf2bc11b7169867669ef5cf34b01f10c---------
saving 1948cff1cf2bc11b7169867669ef5cf34b01f10c---------
saving 1948cff1cf2bc11b7169867669ef5cf34b01f10c---------
saving 1948cff1cf2bc11b7169867669ef5cf34b01f10c---------
saving 1948cff1cf2bc11b7169867669ef5cf34b01f10c---------
saving 1948cff1cf2bc11b7169867669ef5cf34b01f10c---------
saving 1948cff1cf2bc11b7169867669ef5cf34b01f10c---------
saving 1948cff1cf2bc11b7169867669ef5cf34b01f10c---Chalet adosado en calle del Raso, 3, Zona Centro, Moralzarzal---160---4---290.000
saving 1948cff1cf2bc11b7169867669ef5cf34b01f10c---Chalet adosado en calle de las Erillas, 17, Zona Iglesia - Estación, Moralzarzal---195---4---300.000
saving 1948cff1cf2bc11b7169867669ef5cf34b01f10c---Casa o chalet independiente en calle ESPAÑA, Zona Polideportivo Colonia, Moralzarzal---520---1---225.001
saving 1948cff1cf2bc11b7169867669ef5cf34b01f10c---Chalet pareado en calle Punta Arenas, 7, Zona Polideportivo Colonia, Moralzarzal---145---4---299.000
------- saving data from url https://www.idealista.com/venta-viviendas/madrid/zona-noroeste/area-de-colmenarejo/con-precio-hasta_300000,chalets,casas-de-pueblo/
saving 820b91b4a411373a2dc137856199507f437b06e3---------
saving 820b91b4a411373a2dc137856199507f437b06e3---------
saving 820b91b4a411373a2dc137856199507f437b06e3---180---4---289.900
saving 820b91b4a411373a2dc137856199507f437b06e3---------
saving 820b91b4a411373a2dc137856199507f437b06e3---------
saving 820b91b4a411373a2dc137856199507f437b06e3---------
saving 820b91b4a411373a2dc137856199507f437b06e3---------
saving 820b91b4a411373a2dc137856199507f437b06e3---------
saving 820b91b4a411373a2dc137856199507f437b06e3---------
saving 820b91b4a411373a2dc137856199507f437b06e3---------
saving 820b91b4a411373a2dc137856199507f437b06e3---------
saving 820b91b4a411373a2dc137856199507f437b06e3---------
saving 820b91b4a411373a2dc137856199507f437b06e3---------
saving 820b91b4a411373a2dc137856199507f437b06e3---Casa o chalet independiente en calle del Marinero, 12, Colmenarejo---210---4---279.000
saving 820b91b4a411373a2dc137856199507f437b06e3---Chalet pareado en calle Tejar, 9, Colmenarejo---230---3---290.000
saving 820b91b4a411373a2dc137856199507f437b06e3---Chalet adosado en calle el Molino, 4, Colmenarejo---160---3---210.000
saving 820b91b4a411373a2dc137856199507f437b06e3---Chalet en Colmenarejo---155---3---216.300
------- saving data from url https://www.fotocasa.es/es/comprar/casas/galapagar/todas-las-zonas/l?latitude=40.5796&longitude=-4.00262&maxPrice=300000&propertySubtypeIds=3;5;7;9&combinedLocationIds=724,14,28,172,218,28061,0,0,0&gridType=3
saving 04a54b64cbb4dc8079131b4e3763283c93634bda---Dúplex en Galapagar - Casa Amarilla---125---3---165.000
saving 04a54b64cbb4dc8079131b4e3763283c93634bda---Casa en Aguamarina---120---4---230.000
saving 04a54b64cbb4dc8079131b4e3763283c93634bda---Casa en Galapagar - Casa Amarilla---160---6---255.000
saving 04a54b64cbb4dc8079131b4e3763283c93634bda---Casa adosada en Sicilia---332---3---299.900
saving 04a54b64cbb4dc8079131b4e3763283c93634bda---Dúplex en Galapagar - Deportivo Galapagar - Los Almendros------3---230.000
saving 04a54b64cbb4dc8079131b4e3763283c93634bda---Dúplex en Monasterio---71---2---125.000
saving 04a54b64cbb4dc8079131b4e3763283c93634bda---Dúplex en Galapagar---90---3---169.000
saving 04a54b64cbb4dc8079131b4e3763283c93634bda---Finca rústica en Galapagar - Casa Amarilla---111---4---179.000
saving 04a54b64cbb4dc8079131b4e3763283c93634bda---Dúplex en Galapagar---90---3---169.000
saving 04a54b64cbb4dc8079131b4e3763283c93634bda---Dúplex en Galapagar - Deportivo Galapagar - Los Almendros---125---3---166.000
saving 04a54b64cbb4dc8079131b4e3763283c93634bda---Dúplex en Galapagar - Casa Amarilla---125---3---165.000
saving 04a54b64cbb4dc8079131b4e3763283c93634bda---Dúplex en Galapagar - Casco Antiguo---135---3---159.000
saving 04a54b64cbb4dc8079131b4e3763283c93634bda---Dúplex en La Pedriza, 1---167---4---173.300
saving 04a54b64cbb4dc8079131b4e3763283c93634bda---Casa adosada en Galapagar - Parquelagos - Puente Nuevo---229---4---300.000
saving 04a54b64cbb4dc8079131b4e3763283c93634bda---Casa en Calle Laurel---226---2---250.000
saving 04a54b64cbb4dc8079131b4e3763283c93634bda---Dúplex en Galapagar - Casco Antiguo---90---2---131.260
saving 04a54b64cbb4dc8079131b4e3763283c93634bda---Casa en Aguamarina---120---4---230.000
saving 04a54b64cbb4dc8079131b4e3763283c93634bda---Casa adosada en Galapagar---262---4---268.000
saving 04a54b64cbb4dc8079131b4e3763283c93634bda---Casa adosada en Galapagar - El Guijo - Colonia España------145 m²---245.000
saving 04a54b64cbb4dc8079131b4e3763283c93634bda---Casa adosada en Sicilia---332---3---299.900
saving 04a54b64cbb4dc8079131b4e3763283c93634bda---Casa en Galapagar - Casa Amarilla---160---6---255.000
saving 04a54b64cbb4dc8079131b4e3763283c93634bda---Dúplex en Galapagar - Casco Antiguo---90---2---140.000
saving 04a54b64cbb4dc8079131b4e3763283c93634bda---Dúplex en Soberania---84---2---150.000
saving 04a54b64cbb4dc8079131b4e3763283c93634bda---Casa en Galapagar - El Praderón---110---3---220.000
saving 04a54b64cbb4dc8079131b4e3763283c93634bda---Dúplex en Galapagar - El Guijo - Colonia España---90---2---195.000
saving 04a54b64cbb4dc8079131b4e3763283c93634bda---Casa en Galapagar - El Praderón---140---3---291.200
saving 04a54b64cbb4dc8079131b4e3763283c93634bda---Casa en Galapagar - Puerto de Galapagar---150---3---299.000
saving 04a54b64cbb4dc8079131b4e3763283c93634bda---Casa adosada en Toledo---160---4---272.400
saving 04a54b64cbb4dc8079131b4e3763283c93634bda---Dúplex en Soberania, 46---116---2---135.000
saving 04a54b64cbb4dc8079131b4e3763283c93634bda---Casa en Centro Urbano---226---2---255.000
saving 04a54b64cbb4dc8079131b4e3763283c93634bda---Dúplex en Galapagar - Casa Amarilla---90---2---131.260
saving 04a54b64cbb4dc8079131b4e3763283c93634bda---Casa en Galapagar, Zona de - Galapagar---130---5---196.000
saving 04a54b64cbb4dc8079131b4e3763283c93634bda---Dúplex en Peña de las Brujas---92---1 hab.---236.095
saving 04a54b64cbb4dc8079131b4e3763283c93634bda---Casa en El Guijo/colonia España---150---3---227.000
saving 04a54b64cbb4dc8079131b4e3763283c93634bda---Dúplex en Galapagar - Casa Amarilla---240---5---275.000
saving 04a54b64cbb4dc8079131b4e3763283c93634bda---Casa en Calle Arenisca, 9---140---5---270.000
saving 04a54b64cbb4dc8079131b4e3763283c93634bda---Casa en Urbanización las Cuestas---190---3---257.500
saving 04a54b64cbb4dc8079131b4e3763283c93634bda---Dúplex en Prado Mingo---85---2---156.000
saving 04a54b64cbb4dc8079131b4e3763283c93634bda---Casa adosada en Piamonte---205---4---300.000
saving 04a54b64cbb4dc8079131b4e3763283c93634bda---Casa en De las Brisas, 23---152---4---268.000
saving 04a54b64cbb4dc8079131b4e3763283c93634bda---Dúplex en Pradomingo, 20---90---2---139.900
saving 04a54b64cbb4dc8079131b4e3763283c93634bda---Dúplex en Veracuz---112---2---219.000
saving 04a54b64cbb4dc8079131b4e3763283c93634bda---Dúplex en Soberania---78---2---69.000
saving 04a54b64cbb4dc8079131b4e3763283c93634bda---Dúplex en Galapagar - Deportivo Galapagar - Los Almendros------3---230.000
saving 04a54b64cbb4dc8079131b4e3763283c93634bda---Dúplex en Estafeta---97---2---150.000
saving 04a54b64cbb4dc8079131b4e3763283c93634bda---Dúplex en Centro---100---3---134.700
saving 04a54b64cbb4dc8079131b4e3763283c93634bda---Finca rústica en Galapagar - Casa Amarilla---111---4---179.000
saving 04a54b64cbb4dc8079131b4e3763283c93634bda---Dúplex en Galapagar - Casco Antiguo---97---3---178.228
saving 04a54b64cbb4dc8079131b4e3763283c93634bda---Dúplex en Galapagar - Casco Antiguo---83---2---127.260
saving 04a54b64cbb4dc8079131b4e3763283c93634bda---Casa adosada en Galapagar - El Guijo - Colonia España---134---3---272.000
saving 04a54b64cbb4dc8079131b4e3763283c93634bda---Dúplex en Galapagar - Casco Antiguo---90---3---151.651
saving 04a54b64cbb4dc8079131b4e3763283c93634bda---Casa adosada en Guadarrama, 11---265---4---290.000
saving 04a54b64cbb4dc8079131b4e3763283c93634bda---Dúplex en Peña de las Brujas---92---1 hab.---230.000
saving 04a54b64cbb4dc8079131b4e3763283c93634bda---Dúplex en Casa Amarilla---125---3---165.000
saving 04a54b64cbb4dc8079131b4e3763283c93634bda---Casa adosada en Enfriadero---170---4---259.000
saving 04a54b64cbb4dc8079131b4e3763283c93634bda---Casa en Galapagar---271---4---295.000
saving 04a54b64cbb4dc8079131b4e3763283c93634bda---Dúplex en Alamo---100---3---176.000
saving 04a54b64cbb4dc8079131b4e3763283c93634bda---Dúplex en Alamo---100---3---176.000
saving 04a54b64cbb4dc8079131b4e3763283c93634bda---Dúplex en Comercio---82---2---148.000
saving 04a54b64cbb4dc8079131b4e3763283c93634bda---Dúplex en Soberania---120---4---185.000
saving 04a54b64cbb4dc8079131b4e3763283c93634bda---Casa adosada en Galapagar ,centro---218---4---225.406
saving 04a54b64cbb4dc8079131b4e3763283c93634bda---Casa en Galapagar - Casa Amarilla---250---5---299.500
saving 04a54b64cbb4dc8079131b4e3763283c93634bda---Dúplex en Soberanía---87---3---159.000
saving 04a54b64cbb4dc8079131b4e3763283c93634bda---Casa en Calle de la Paloma, 1------3---130.000
saving 04a54b64cbb4dc8079131b4e3763283c93634bda---Dúplex en Monasterio---71---2---125.000
saving 04a54b64cbb4dc8079131b4e3763283c93634bda---Dúplex en Centro Urbano---136---3---166.000
saving 04a54b64cbb4dc8079131b4e3763283c93634bda---Casa en La Balconada---226---3---285.000
saving 04a54b64cbb4dc8079131b4e3763283c93634bda---Dúplex en Galapagar---107---3---159.000
saving 04a54b64cbb4dc8079131b4e3763283c93634bda---Dúplex en Comercio, 12---143---3---155.513
saving 04a54b64cbb4dc8079131b4e3763283c93634bda---Casa adosada en Galapagar - El Guijo - Colonia España---140---5---240.000
saving 04a54b64cbb4dc8079131b4e3763283c93634bda---Casa en Colmenarejo, Zona de - Colmenarejo---160---4---272.400
saving 04a54b64cbb4dc8079131b4e3763283c93634bda---Casa en Los Jarales-torrelodones---130---4---300.000
saving 04a54b64cbb4dc8079131b4e3763283c93634bda---Casa en Galapagar - La Navata---250---4---275.000
saving 04a54b64cbb4dc8079131b4e3763283c93634bda---Casa adosada en Galapagar - El Guijo - Urb. El Guijo---210---4---270.000
saving 04a54b64cbb4dc8079131b4e3763283c93634bda---Dúplex en Galapagar - Casco Antiguo---110---3---159.000
saving 04a54b64cbb4dc8079131b4e3763283c93634bda---Dúplex en Soberanía, 46---134---3---147.150
saving 04a54b64cbb4dc8079131b4e3763283c93634bda---Casa en Mayor---290---5---299.000
saving 04a54b64cbb4dc8079131b4e3763283c93634bda---Casa en Calle de la Bola del Mundo, 79---193---5---300.000
saving 04a54b64cbb4dc8079131b4e3763283c93634bda---Casa adosada en Galapagar - Parquelagos - Puente Nuevo---250---4---300.000
saving 04a54b64cbb4dc8079131b4e3763283c93634bda---Casa en Galapagar - El Praderón---200---3---118.000
saving 04a54b64cbb4dc8079131b4e3763283c93634bda---Dúplex en Melonares---95---3---139.000
saving 04a54b64cbb4dc8079131b4e3763283c93634bda---Dúplex en Galapagar - Casa Amarilla---125---3---167.000
saving 04a54b64cbb4dc8079131b4e3763283c93634bda---Dúplex en Pradomingo, 12---91---3---159.000
saving 04a54b64cbb4dc8079131b4e3763283c93634bda---Casa en Galapagar---140---4---239.900
saving 04a54b64cbb4dc8079131b4e3763283c93634bda---Dúplex en Estafeta---76---2---149.000
saving 04a54b64cbb4dc8079131b4e3763283c93634bda---Dúplex en Calvario---100---3---163.000
saving 04a54b64cbb4dc8079131b4e3763283c93634bda---Dúplex en Calle Melonares, 1---240---5---275.000
saving 04a54b64cbb4dc8079131b4e3763283c93634bda---Dúplex en Pradomingo---99---4---144.000
saving 04a54b64cbb4dc8079131b4e3763283c93634bda---Casa en Galapagar - Casa Amarilla---120---4---290.000
saving 04a54b64cbb4dc8079131b4e3763283c93634bda---Casa en Galapagar - La Navata---140---2---280.000
saving 04a54b64cbb4dc8079131b4e3763283c93634bda---Dúplex en Galapagar - Casa Amarilla---105---3---160.000
saving 04a54b64cbb4dc8079131b4e3763283c93634bda---Dúplex en Galapagar - Casa Amarilla---100---3---186.000
saving 04a54b64cbb4dc8079131b4e3763283c93634bda---Casa en Galapagar---250---4---275.730
saving 04a54b64cbb4dc8079131b4e3763283c93634bda---Casa en Galapagar---229---4---276.000
saving 04a54b64cbb4dc8079131b4e3763283c93634bda---Dúplex en Guadarrama, 60---64---2---124.000
saving 04a54b64cbb4dc8079131b4e3763283c93634bda---Casa en Galapagar - El Guijo - Colonia España---180---5---196.000
saving 04a54b64cbb4dc8079131b4e3763283c93634bda---Casa en Galapagar -Ctra. De Villalba---120---4---290.000
saving 04a54b64cbb4dc8079131b4e3763283c93634bda---Dúplex en Prado Mingo---61---4---144.000
saving 04a54b64cbb4dc8079131b4e3763283c93634bda---Casa adosada en Galapagar - Casa Amarilla---133---3---230.000
saving 04a54b64cbb4dc8079131b4e3763283c93634bda---Casa en Galapagar - La Navata------6---270.000
saving 04a54b64cbb4dc8079131b4e3763283c93634bda---Dúplex en Egidillo, 7---116---3---230.000
saving 04a54b64cbb4dc8079131b4e3763283c93634bda---Casa adosada en Galapagar - La Navata---320---4---265.000
saving 04a54b64cbb4dc8079131b4e3763283c93634bda---Casa en Galapagar - Casa Amarilla---130---4---245.000
saving 04a54b64cbb4dc8079131b4e3763283c93634bda---Casa en El Guijo - Colonia España---160---5---299.000
saving 04a54b64cbb4dc8079131b4e3763283c93634bda---Dúplex en Pradomingo---100---4---156.000
saving 04a54b64cbb4dc8079131b4e3763283c93634bda---Casa en Galapagar---144---5---260.000
saving 04a54b64cbb4dc8079131b4e3763283c93634bda---Casa en Galapagar - Casa Amarilla---210---4---300.000
saving 04a54b64cbb4dc8079131b4e3763283c93634bda---Dúplex en C/ Egidillo 7 + Sin Comisiones + Hasta Un 100 Financiación + Se Aceptan Ofertas +---181---3---230.000
saving 04a54b64cbb4dc8079131b4e3763283c93634bda---Dúplex en Carretera Torrelodones, 3---100---3---160.000
saving 04a54b64cbb4dc8079131b4e3763283c93634bda---Dúplex en Casa Amarilla---125---3---160.000
saving 04a54b64cbb4dc8079131b4e3763283c93634bda---Dúplex en Carretera Torrelodones, 3---130---3---177.000
saving 04a54b64cbb4dc8079131b4e3763283c93634bda---Dúplex en Casa Amarilla---90---2---150.000
saving 04a54b64cbb4dc8079131b4e3763283c93634bda---Dúplex en Estafeta---125---3---165.000
saving 04a54b64cbb4dc8079131b4e3763283c93634bda---Casa en El Guijo - Colonia España---150---4---245.000
saving 04a54b64cbb4dc8079131b4e3763283c93634bda---Casa adosada en Calle Brillante, 27---210---3---270.000
saving 04a54b64cbb4dc8079131b4e3763283c93634bda---Dúplex en Puente de Cazorla---133---3---160.000
saving 04a54b64cbb4dc8079131b4e3763283c93634bda---Casa adosada en Calle Yucas, 27---132---4---220.000
saving 04a54b64cbb4dc8079131b4e3763283c93634bda---Dúplex en Casa Amarilla---120---3---139.500
saving 04a54b64cbb4dc8079131b4e3763283c93634bda---Dúplex en Carretera Torrelodones, 3---85---2---155.000
saving 04a54b64cbb4dc8079131b4e3763283c93634bda---Dúplex en Estafeta, 6---105---3---186.000
------- saving data from url https://www.idealista.com/venta-viviendas/madrid/zona-noroeste/alpedrete/con-precio-hasta_300000,chalets,casas-de-pueblo/
saving fc09517726dcc266a83f56de10bbd1201292b5f6---180---4---285.000
saving fc09517726dcc266a83f56de10bbd1201292b5f6---Casa o chalet independiente en Alpedrete---331---6---280.000
saving fc09517726dcc266a83f56de10bbd1201292b5f6---90---2---193.000
saving fc09517726dcc266a83f56de10bbd1201292b5f6---Chalet adosado en Peñalara, Alpedrete---255---5---275.000
saving fc09517726dcc266a83f56de10bbd1201292b5f6---------
saving fc09517726dcc266a83f56de10bbd1201292b5f6---------
saving fc09517726dcc266a83f56de10bbd1201292b5f6---------
saving fc09517726dcc266a83f56de10bbd1201292b5f6---------
saving fc09517726dcc266a83f56de10bbd1201292b5f6---------
saving fc09517726dcc266a83f56de10bbd1201292b5f6---------
saving fc09517726dcc266a83f56de10bbd1201292b5f6---------
saving fc09517726dcc266a83f56de10bbd1201292b5f6---------
saving fc09517726dcc266a83f56de10bbd1201292b5f6---------
saving fc09517726dcc266a83f56de10bbd1201292b5f6---------
saving fc09517726dcc266a83f56de10bbd1201292b5f6---------
saving fc09517726dcc266a83f56de10bbd1201292b5f6---------
saving fc09517726dcc266a83f56de10bbd1201292b5f6---------
saving fc09517726dcc266a83f56de10bbd1201292b5f6---------
saving fc09517726dcc266a83f56de10bbd1201292b5f6---------
saving fc09517726dcc266a83f56de10bbd1201292b5f6---------
saving fc09517726dcc266a83f56de10bbd1201292b5f6---------
saving fc09517726dcc266a83f56de10bbd1201292b5f6---------
saving fc09517726dcc266a83f56de10bbd1201292b5f6---------
saving fc09517726dcc266a83f56de10bbd1201292b5f6---------
saving fc09517726dcc266a83f56de10bbd1201292b5f6---------
saving fc09517726dcc266a83f56de10bbd1201292b5f6---------
saving fc09517726dcc266a83f56de10bbd1201292b5f6---Casa o chalet independiente en Alpedrete---85---4---225.000
saving fc09517726dcc266a83f56de10bbd1201292b5f6---Casa o chalet independiente en calle de la Soledad, Alpedrete---90---2---193.000
saving fc09517726dcc266a83f56de10bbd1201292b5f6---Chalet pareado en calle del río júcar, 12, Alpedrete---180---4---280.000
saving fc09517726dcc266a83f56de10bbd1201292b5f6---Casa o chalet independiente en calle peña redondera, Alpedrete---154---3---271.400
saving fc09517726dcc266a83f56de10bbd1201292b5f6---Chalet adosado en calle de las Aguas, 29, Alpedrete---120---4---260.000
saving fc09517726dcc266a83f56de10bbd1201292b5f6---Casa o chalet independiente en Alpedrete---90---2---193.000
saving fc09517726dcc266a83f56de10bbd1201292b5f6---Chalet pareado en Alpedrete---180---4---280.000
saving fc09517726dcc266a83f56de10bbd1201292b5f6---Casa o chalet independiente en Alpedrete---200---3---230.000
saving fc09517726dcc266a83f56de10bbd1201292b5f6---------
saving fc09517726dcc266a83f56de10bbd1201292b5f6---------
------- saving data from url https://www.idealista.com/venta-viviendas/madrid/zona-noroeste/area-de-mataelpinocerceda/con-precio-hasta_300000,chalets,casas-de-pueblo/
saving f266e905b988fc31b197c3e8fe434cbecad8486c---262---3---260.000
saving f266e905b988fc31b197c3e8fe434cbecad8486c---------289.000
saving f266e905b988fc31b197c3e8fe434cbecad8486c---------
saving f266e905b988fc31b197c3e8fe434cbecad8486c---------
saving f266e905b988fc31b197c3e8fe434cbecad8486c---------
saving f266e905b988fc31b197c3e8fe434cbecad8486c---------
saving f266e905b988fc31b197c3e8fe434cbecad8486c---------
saving f266e905b988fc31b197c3e8fe434cbecad8486c---------
saving f266e905b988fc31b197c3e8fe434cbecad8486c---------
saving f266e905b988fc31b197c3e8fe434cbecad8486c---------
saving f266e905b988fc31b197c3e8fe434cbecad8486c---------
saving f266e905b988fc31b197c3e8fe434cbecad8486c---------
saving f266e905b988fc31b197c3e8fe434cbecad8486c---------
saving f266e905b988fc31b197c3e8fe434cbecad8486c---------
saving f266e905b988fc31b197c3e8fe434cbecad8486c---------
saving f266e905b988fc31b197c3e8fe434cbecad8486c---------
saving f266e905b988fc31b197c3e8fe434cbecad8486c---------
saving f266e905b988fc31b197c3e8fe434cbecad8486c---------
saving f266e905b988fc31b197c3e8fe434cbecad8486c---------
saving f266e905b988fc31b197c3e8fe434cbecad8486c---------
saving f266e905b988fc31b197c3e8fe434cbecad8486c---------
saving f266e905b988fc31b197c3e8fe434cbecad8486c---------
saving f266e905b988fc31b197c3e8fe434cbecad8486c---------
saving f266e905b988fc31b197c3e8fe434cbecad8486c---------
saving f266e905b988fc31b197c3e8fe434cbecad8486c---------
saving f266e905b988fc31b197c3e8fe434cbecad8486c---------
saving f266e905b988fc31b197c3e8fe434cbecad8486c---Chalet adosado en puente Madrid, 11, Cerceda---196---4---233.000
saving f266e905b988fc31b197c3e8fe434cbecad8486c---Casa o chalet independiente en calle san antonio, Mataelpino---240---3---255.000
saving f266e905b988fc31b197c3e8fe434cbecad8486c---Casa o chalet independiente en Mataelpino---150---5---240.000
saving f266e905b988fc31b197c3e8fe434cbecad8486c---Casa o chalet independiente en Mataelpino---193---4---275.000
saving f266e905b988fc31b197c3e8fe434cbecad8486c---Casa o chalet independiente en calle de Peñasierra, 12, El Boalo---------
saving f266e905b988fc31b197c3e8fe434cbecad8486c---------
saving f266e905b988fc31b197c3e8fe434cbecad8486c---------
saving f266e905b988fc31b197c3e8fe434cbecad8486c---------
saving f266e905b988fc31b197c3e8fe434cbecad8486c---------
saving f266e905b988fc31b197c3e8fe434cbecad8486c---------
saving f266e905b988fc31b197c3e8fe434cbecad8486c---------
saving f266e905b988fc31b197c3e8fe434cbecad8486c---------
saving f266e905b988fc31b197c3e8fe434cbecad8486c---------
saving f266e905b988fc31b197c3e8fe434cbecad8486c---------
saving f266e905b988fc31b197c3e8fe434cbecad8486c---------
saving f266e905b988fc31b197c3e8fe434cbecad8486c---------
saving f266e905b988fc31b197c3e8fe434cbecad8486c---Casa o chalet independiente en avenida Madrid, 9, El Boalo---280---6---250.000
saving f266e905b988fc31b197c3e8fe434cbecad8486c---Casa o chalet independiente en calle de San Antonio, 15, Mataelpino---240---4---285.000
saving f266e905b988fc31b197c3e8fe434cbecad8486c---Casa o chalet independiente en calle Peñalara, 5, Cerceda---120---2---280.000
saving f266e905b988fc31b197c3e8fe434cbecad8486c---Chalet adosado en calle Laurel, 13, Cerceda---200---3---290.000
------- saving data from url https://www.idealista.com/venta-viviendas/galapagar-madrid/con-precio-hasta_300000,chalets,casas-de-pueblo/
saving e4c97e1d5a83da7de5838a0e8ba191207dbea6c1---190---3---257.500
saving e4c97e1d5a83da7de5838a0e8ba191207dbea6c1---205---4---259.000
saving e4c97e1d5a83da7de5838a0e8ba191207dbea6c1---271---4---295.000
saving e4c97e1d5a83da7de5838a0e8ba191207dbea6c1---140---4---239.900
saving e4c97e1d5a83da7de5838a0e8ba191207dbea6c1---------
saving e4c97e1d5a83da7de5838a0e8ba191207dbea6c1---------
saving e4c97e1d5a83da7de5838a0e8ba191207dbea6c1---------
saving e4c97e1d5a83da7de5838a0e8ba191207dbea6c1---------
saving e4c97e1d5a83da7de5838a0e8ba191207dbea6c1---------
saving e4c97e1d5a83da7de5838a0e8ba191207dbea6c1---------
saving e4c97e1d5a83da7de5838a0e8ba191207dbea6c1---------
saving e4c97e1d5a83da7de5838a0e8ba191207dbea6c1---------
saving e4c97e1d5a83da7de5838a0e8ba191207dbea6c1---------
saving e4c97e1d5a83da7de5838a0e8ba191207dbea6c1---------
saving e4c97e1d5a83da7de5838a0e8ba191207dbea6c1---------
saving e4c97e1d5a83da7de5838a0e8ba191207dbea6c1---------
saving e4c97e1d5a83da7de5838a0e8ba191207dbea6c1---------
saving e4c97e1d5a83da7de5838a0e8ba191207dbea6c1---------
saving e4c97e1d5a83da7de5838a0e8ba191207dbea6c1---------
saving e4c97e1d5a83da7de5838a0e8ba191207dbea6c1---------
saving e4c97e1d5a83da7de5838a0e8ba191207dbea6c1---------
saving e4c97e1d5a83da7de5838a0e8ba191207dbea6c1---------
saving e4c97e1d5a83da7de5838a0e8ba191207dbea6c1---------
saving e4c97e1d5a83da7de5838a0e8ba191207dbea6c1---------
saving e4c97e1d5a83da7de5838a0e8ba191207dbea6c1---------
saving e4c97e1d5a83da7de5838a0e8ba191207dbea6c1---------
saving e4c97e1d5a83da7de5838a0e8ba191207dbea6c1---Chalet adosado en calle Arenisca, 9, El Guijo - Colonia España, Galapagar---150---5---270.000
saving e4c97e1d5a83da7de5838a0e8ba191207dbea6c1---Chalet adosado en crecida, 18, La Navata, Galapagar---240---4---275.000
saving e4c97e1d5a83da7de5838a0e8ba191207dbea6c1---Chalet adosado en calle de Cervantes, 18, La Navata, Galapagar---240---3---275.000
saving e4c97e1d5a83da7de5838a0e8ba191207dbea6c1---Chalet adosado en calle Yucas, 27, Casa Amarilla, Galapagar---132---4---220.000
saving e4c97e1d5a83da7de5838a0e8ba191207dbea6c1---Casa o chalet independiente en calle Mayor, 47, El Guijo - Colonia España, Galapagar---------
saving e4c97e1d5a83da7de5838a0e8ba191207dbea6c1---------
saving e4c97e1d5a83da7de5838a0e8ba191207dbea6c1---------
saving e4c97e1d5a83da7de5838a0e8ba191207dbea6c1---------
saving e4c97e1d5a83da7de5838a0e8ba191207dbea6c1---------
saving e4c97e1d5a83da7de5838a0e8ba191207dbea6c1---------
saving e4c97e1d5a83da7de5838a0e8ba191207dbea6c1---------
saving e4c97e1d5a83da7de5838a0e8ba191207dbea6c1---------
saving e4c97e1d5a83da7de5838a0e8ba191207dbea6c1---------
saving e4c97e1d5a83da7de5838a0e8ba191207dbea6c1---------
saving e4c97e1d5a83da7de5838a0e8ba191207dbea6c1---------
saving e4c97e1d5a83da7de5838a0e8ba191207dbea6c1---------
saving e4c97e1d5a83da7de5838a0e8ba191207dbea6c1---------
saving e4c97e1d5a83da7de5838a0e8ba191207dbea6c1---------
saving e4c97e1d5a83da7de5838a0e8ba191207dbea6c1---------
saving e4c97e1d5a83da7de5838a0e8ba191207dbea6c1---------
saving e4c97e1d5a83da7de5838a0e8ba191207dbea6c1---------
saving e4c97e1d5a83da7de5838a0e8ba191207dbea6c1---------
saving e4c97e1d5a83da7de5838a0e8ba191207dbea6c1---332---3---299.900
saving e4c97e1d5a83da7de5838a0e8ba191207dbea6c1---------
saving e4c97e1d5a83da7de5838a0e8ba191207dbea6c1---------
saving e4c97e1d5a83da7de5838a0e8ba191207dbea6c1---------
saving e4c97e1d5a83da7de5838a0e8ba191207dbea6c1---------
saving e4c97e1d5a83da7de5838a0e8ba191207dbea6c1---------
saving e4c97e1d5a83da7de5838a0e8ba191207dbea6c1---------
saving e4c97e1d5a83da7de5838a0e8ba191207dbea6c1---------
saving e4c97e1d5a83da7de5838a0e8ba191207dbea6c1---Casa o chalet independiente en El Guijo - Colonia España, Galapagar---220---4---299.500
saving e4c97e1d5a83da7de5838a0e8ba191207dbea6c1---Chalet adosado en del enfriadero, La Navata, Galapagar---200---3---299.000
saving e4c97e1d5a83da7de5838a0e8ba191207dbea6c1---Chalet adosado en calle del Brillante, 5, El Guijo - Colonia España, Galapagar---143---6---270.000
saving e4c97e1d5a83da7de5838a0e8ba191207dbea6c1---Chalet adosado en calle Onice, 12, El Guijo - Colonia España, Galapagar---150---3---230.000
saving e4c97e1d5a83da7de5838a0e8ba191207dbea6c1---Chalet adosado en calle Jade, 7, El Guijo - Colonia España, Galapagar---140---4---250.000
saving e4c97e1d5a83da7de5838a0e8ba191207dbea6c1---Chalet adosado en carretera Galapagar - la Navata, 16, La Navata, Galapagar---320---6---290.000
saving e4c97e1d5a83da7de5838a0e8ba191207dbea6c1---75---2---180.000
saving e4c97e1d5a83da7de5838a0e8ba191207dbea6c1---Casa o chalet independiente en Casa Amarilla, Galapagar---110---3---220.000
saving e4c97e1d5a83da7de5838a0e8ba191207dbea6c1---------
